<?xml version="1.0" encoding="UTF-8"?>
<testsuite xmlns:xsi="http://www.w3.org/2001/XMLSchema-instance" xsi:noNamespaceSchemaLocation="https://maven.apache.org/surefire/maven-surefire-plugin/xsd/surefire-test-report-3.0.xsd" version="3.0" name="TaxesTests" time="0.137" tests="4" errors="0" skipped="0" failures="0">
  <properties>
[...]
</properties>
  <testcase name="test1_taxEarningsSixPerCents" classname="TaxesTests" time="0.027">
    <system-out><![CDATA[Tests started
Test started
Test completed
]]></system-out>
  </testcase>
  <testcase name="test_notEquals" classname="TaxesTests" time="0.002">
    <system-out><![CDATA[Test started
Test completed
]]></system-out>
  </testcase>
  <testcase name="test_taxEarningsSixPerCents(int, int)[1]" classname="TaxesTests" time="0.032">
    <system-out><![CDATA[Test started
Test completed
]]></system-out>
  </testcase>
  <testcase name="test_taxEarningsSixPerCents(int, int)[2]" classname="TaxesTests" time="0.004">
    <system-out><![CDATA[Test started
Test completed
]]></system-out>
  </testcase>
</testsuite>